LekeVolleyDemo/build/outputs/logs/manifest-merger-debug-report.txt
-- Merging decision tree log ---
manifest
ADDED from demo/LekeVolleyDemo/AndroidManifest.xml:2:1-31:12
	package
		ADDED from demo/LekeVolleyDemo/AndroidManifest.xml:3:5-34
	android:versionName
		ADDED from demo/LekeVolleyDemo/AndroidManifest.xml:5:5-32
		INJECTED from demo/LekeVolleyDemo/AndroidManifest.xml
		INJECTED from demo/LekeVolleyDemo/AndroidManifest.xml
	android:versionCode
		ADDED from demo/LekeVolleyDemo/AndroidManifest.xml:4:5-29
		INJECTED from demo/LekeVolleyDemo/AndroidManifest.xml
		INJECTED from demo/LekeVolleyDemo/AndroidManifest.xml
	xmlns:android
		ADDED from demo/LekeVolleyDemo/AndroidManifest.xml:2:11-69
uses-permission#android.permission.INTERNET
ADDED from demo/LekeVolleyDemo/AndroidManifest.xml:7:5-67
	android:name
		ADDED from demo/LekeVolleyDemo/AndroidManifest.xml:7:22-64
uses-permission#android.permission.ACCESS_NETWORK_STATE
ADDED from demo/LekeVolleyDemo/AndroidManifest.xml:8:5-79
	android:name
		ADDED from demo/LekeVolleyDemo/AndroidManifest.xml:8:22-76
uses-sdk
ADDED from demo/LekeVolleyDemo/AndroidManifest.xml:10:5-12:41
	android:targetSdkVersion
		ADDED from demo/LekeVolleyDemo/AndroidManifest.xml:12:9-38
		INJECTED from demo/LekeVolleyDemo/AndroidManifest.xml
		INJECTED from demo/LekeVolleyDemo/AndroidManifest.xml
	android:minSdkVersion
		ADDED from demo/LekeVolleyDemo/AndroidManifest.xml:11:9-35
		INJECTED from demo/LekeVolleyDemo/AndroidManifest.xml
		INJECTED from demo/LekeVolleyDemo/AndroidManifest.xml
application
ADDED from demo/LekeVolleyDemo/AndroidManifest.xml:14:5-29:19
	android:label
		ADDED from demo/LekeVolleyDemo/AndroidManifest.xml:18:9-41
	android:allowBackup
		ADDED from demo/LekeVolleyDemo/AndroidManifest.xml:16:9-35
	android:icon
		ADDED from demo/LekeVolleyDemo/AndroidManifest.xml:17:9-45
	android:theme
		ADDED from demo/LekeVolleyDemo/AndroidManifest.xml:19:9-40
	android:name
		ADDED from demo/LekeVolleyDemo/AndroidManifest.xml:15:9-40
activity#com.leke.volleydemo.ui.MainActivity
ADDED from demo/LekeVolleyDemo/AndroidManifest.xml:20:9-28:20
	android:label
		ADDED from demo/LekeVolleyDemo/AndroidManifest.xml:22:13-45
	android:name
		ADDED from demo/LekeVolleyDemo/AndroidManifest.xml:21:13-44
intent-filter#android.intent.action.MAIN+android.intent.category.LAUNCHER
ADDED from demo/LekeVolleyDemo/AndroidManifest.xml:23:13-27:29
action#android.intent.action.MAIN
ADDED from demo/LekeVolleyDemo/AndroidManifest.xml:24:17-69
	android:name
		ADDED from demo/LekeVolleyDemo/AndroidManifest.xml:24:25-66
category#android.intent.category.LAUNCHER
ADDED from demo/LekeVolleyDemo/AndroidManifest.xml:26:17-77
	android:name
		ADDED from demo/LekeVolleyDemo/AndroidManifest.xml:26:27-74